<?xml version="1.0" encoding="UTF-8"?>
<!-- Generated by org.testng.reporters.JUnitReportReporter -->
<testsuite hostname="LAPTOP-3DPOPGLT" failures="0" tests="2" name="Test01_GET" time="7.118" errors="0" timestamp="2022-09-07T18:00:10 AEST" skipped="0">
  <testcase classname="Test01_GET" name="test_01" time="6.842"/>
  <system-out/>
  <testcase classname="Test01_GET" name="test_02" time="0.276"/>
  <system-out/>
</testsuite> <!-- Test01_GET -->
