<?xml version="1.0" encoding="UTF-8"?>
<!-- Generated by org.testng.reporters.JUnitReportReporter -->
<testsuite hostname="LAPTOP-3DPOPGLT" failures="0" tests="1" name="Test01_GET" time="269.634" errors="0" timestamp="2022-09-07T17:54:05 AEST" skipped="0">
  <testcase classname="Test01_GET" name="test_01" time="269.634"/>
  <system-out/>
</testsuite> <!-- Test01_GET -->
