<?xml version="1.0" encoding="UTF-8"?>
<!-- Generated by org.testng.reporters.JUnitReportReporter -->
<testsuite hostname="LAPTOP-3DPOPGLT" failures="0" tests="2" name="Test01_GET" time="11.157" errors="0" timestamp="2022-09-20T15:00:10 AEST" skipped="0">
  <testcase classname="Test01_GET" name="test_02" time="0.356"/>
  <system-out/>
  <testcase classname="Test01_GET" name="test_01" time="10.801"/>
  <system-out/>
</testsuite> <!-- Test01_GET -->
